!SESSION 2023-11-11 02:20:48.584 -----------------------------------------------
eclipse.buildId=3.9.18.202109140905-RELEASE-e421
java.version=11.0.21
java.vendor=Oracle Corporation
BootLoader constants: OS=win32, ARCH=x86_64, WS=win32, NL=ko_KR
Framework arguments:  -product org.springsource.sts.ide
Command-line arguments:  -os win32 -ws win32 -arch x86_64 -product org.springsource.sts.ide

!ENTRY org.eclipse.jface 2 0 2023-11-11 02:20:54.861
!MESSAGE Keybinding conflicts occurred.  They may interfere with normal accelerator operation.
!SUBENTRY 1 org.eclipse.jface 2 0 2023-11-11 02:20:54.861
!MESSAGE A conflict occurred for CTRL+SHIFT+T:
Binding(CTRL+SHIFT+T,
	ParameterizedCommand(Command(org.eclipse.jdt.ui.navigate.open.type,Open Type,
		Open a type in a Java editor,
		Category(org.eclipse.ui.category.navigate,Navigate,null,true),
		org.eclipse.ui.internal.WorkbenchHandlerServiceHandler@2f307fcc,
		,,true),null),
	org.eclipse.ui.defaultAcceleratorConfiguration,
	org.eclipse.ui.contexts.window,,,system)
Binding(CTRL+SHIFT+T,
	ParameterizedCommand(Command(org.eclipse.lsp4e.symbolinworkspace,Go to Symbol in Workspace,
		,
		Category(org.eclipse.lsp4e.category,Language Servers,null,true),
		org.eclipse.ui.internal.WorkbenchHandlerServiceHandler@3aec2f59,
		,,true),null),
	org.eclipse.ui.defaultAcceleratorConfiguration,
	org.eclipse.ui.contexts.window,,,system)

!ENTRY org.eclipse.ui 2 2 2023-11-11 02:20:55.405
!MESSAGE org.eclipse.jdt.junit.ResultView: Deprecated relationship "fast" should be converted to "stack".

!ENTRY org.eclipse.ui 2 2 2023-11-11 02:20:55.405
!MESSAGE org.springframework.ide.eclipse.aop.ui.navigator.aopReferenceModelNavigator: Deprecated relationship "fast" should be converted to "stack".

!ENTRY org.eclipse.ui 2 2 2023-11-11 02:20:55.406
!MESSAGE org.eclipse.contribution.xref.ui.views.XReferenceView: Deprecated relationship "fast" should be converted to "stack".

!ENTRY org.eclipse.egit.ui 2 0 2023-11-11 02:20:58.492
!MESSAGE Warning: The environment variable HOME is not set. The following directory will be used to store the Git
user global configuration and to define the default location to store repositories: 'C:\Users\qkfpf'. If this is
not correct please set the HOME environment variable and restart Eclipse. Otherwise Git for Windows and
EGit might behave differently since they see different configuration options.
This warning can be switched off on the Team > Git > Confirmations and Warnings preference page.

!ENTRY com.vwmare.vfabric.ide.eclipse.tcserver.core 4 0 2023-11-11 02:21:01.306
!MESSAGE Error creating server instance with command:
 "C:\sts-bundle\pivotal-tc-server\developer-4.1.0.RELEASE\tcserver.bat create base-instance -t base --force -v 9.0.33.A.RELEASE". Check access permission for the directory C:/sts-bundle/pivotal-tc-server/developer-4.1.0.RELEASE and its files and subdirectories.
!SUBENTRY 1 com.vwmare.vfabric.ide.eclipse.tcserver.core 4 0 2023-11-11 02:21:01.306
!MESSAGE The instance creation command failed and returned code 1
!SUBENTRY 1 com.vwmare.vfabric.ide.eclipse.tcserver.core 4 0 2023-11-11 02:21:01.306
!MESSAGE Output of the instance creation command:
'create' command failed. An unexpected error occurred while attempting to validate tc Runtime Version 9.0.33.A.RELEASE: repo.pivotal.io


!ENTRY org.eclipse.m2e.logback.appender 2 0 2023-11-11 02:21:36.416
!MESSAGE The artifact mysql:mysql-connector-java:jar:8.0.32 has been relocated to com.mysql:mysql-connector-j:jar:8.0.32

!ENTRY org.eclipse.m2e.logback.appender 2 0 2023-11-11 02:21:38.696
!MESSAGE The artifact mysql:mysql-connector-java:jar:8.0.32 has been relocated to com.mysql:mysql-connector-j:jar:8.0.32

!ENTRY org.eclipse.m2e.logback.appender 2 0 2023-11-11 02:21:43.696
!MESSAGE The artifact mysql:mysql-connector-java:jar:8.0.32 has been relocated to com.mysql:mysql-connector-j:jar:8.0.32

!ENTRY org.eclipse.m2e.logback.appender 2 0 2023-11-11 02:21:43.945
!MESSAGE Using platform encoding (UTF-8 actually) to copy filtered resources, i.e. build is platform dependent!

!ENTRY org.eclipse.m2e.logback.appender 2 0 2023-11-11 02:21:43.990
!MESSAGE Using platform encoding (UTF-8 actually) to copy filtered resources, i.e. build is platform dependent!

!ENTRY org.eclipse.equinox.p2.transport.ecf 2 0 2023-11-11 02:21:54.174
!MESSAGE Connection to http://public.dhe.ibm.com/ibmdl/export/pub/software/websphere/wasdev/updates/libertyAdapter/2020-09/site.xml failed on Connect to public.dhe.ibm.com:80 [public.dhe.ibm.com/170.225.126.18] failed: Connection refused: connect. Retry attempt 0 started
!STACK 0
org.apache.http.conn.HttpHostConnectException: Connect to public.dhe.ibm.com:80 [public.dhe.ibm.com/170.225.126.18] failed: Connection refused: connect
	at org.apache.http.impl.conn.DefaultHttpClientConnectionOperator.connect(DefaultHttpClientConnectionOperator.java:156)
	at org.apache.http.impl.conn.PoolingHttpClientConnectionManager.connect(PoolingHttpClientConnectionManager.java:376)
	at org.apache.http.impl.execchain.MainClientExec.establishRoute(MainClientExec.java:393)
	at org.apache.http.impl.execchain.MainClientExec.execute(MainClientExec.java:236)
	at org.apache.http.impl.execchain.ProtocolExec.execute(ProtocolExec.java:186)
	at org.apache.http.impl.execchain.RetryExec.execute(RetryExec.java:89)
	at org.apache.http.impl.execchain.RedirectExec.execute(RedirectExec.java:110)
	at org.apache.http.impl.client.InternalHttpClient.doExecute(InternalHttpClient.java:185)
	at org.apache.http.impl.client.CloseableHttpClient.execute(CloseableHttpClient.java:83)
	at org.eclipse.ecf.provider.filetransfer.httpclient45.HttpClientRetrieveFileTransfer.performConnect(HttpClientRetrieveFileTransfer.java:1003)
	at org.eclipse.ecf.provider.filetransfer.httpclient45.HttpClientRetrieveFileTransfer.access$0(HttpClientRetrieveFileTransfer.java:995)
	at org.eclipse.ecf.provider.filetransfer.httpclient45.HttpClientRetrieveFileTransfer$1.performFileTransfer(HttpClientRetrieveFileTransfer.java:991)
	at org.eclipse.ecf.filetransfer.FileTransferJob.run(FileTransferJob.java:76)
	at org.eclipse.core.internal.jobs.Worker.run(Worker.java:63)
Caused by: java.net.ConnectException: Connection refused: connect
	at java.base/java.net.PlainSocketImpl.waitForConnect(Native Method)
	at java.base/java.net.PlainSocketImpl.socketConnect(PlainSocketImpl.java:107)
	at java.base/java.net.AbstractPlainSocketImpl.doConnect(AbstractPlainSocketImpl.java:412)
	at java.base/java.net.AbstractPlainSocketImpl.connectToAddress(AbstractPlainSocketImpl.java:255)
	at java.base/java.net.AbstractPlainSocketImpl.connect(AbstractPlainSocketImpl.java:237)
	at java.base/java.net.SocksSocketImpl.connect(SocksSocketImpl.java:392)
	at java.base/java.net.Socket.connect(Socket.java:608)
	at org.apache.http.conn.socket.PlainConnectionSocketFactory.connectSocket(PlainConnectionSocketFactory.java:75)
	at org.apache.http.impl.conn.DefaultHttpClientConnectionOperator.connect(DefaultHttpClientConnectionOperator.java:142)
	... 13 more

!ENTRY org.eclipse.equinox.p2.transport.ecf 2 0 2023-11-11 02:22:00.281
!MESSAGE Connection to http://public.dhe.ibm.com/ibmdl/export/pub/software/websphere/wasdev/updates/libertyAdapter/2020-09/p2.index failed on Connect to public.dhe.ibm.com:80 [public.dhe.ibm.com/170.225.126.18] failed: Connection refused: connect. Retry attempt 0 started
!STACK 0
org.apache.http.conn.HttpHostConnectException: Connect to public.dhe.ibm.com:80 [public.dhe.ibm.com/170.225.126.18] failed: Connection refused: connect
	at org.apache.http.impl.conn.DefaultHttpClientConnectionOperator.connect(DefaultHttpClientConnectionOperator.java:156)
	at org.apache.http.impl.conn.PoolingHttpClientConnectionManager.connect(PoolingHttpClientConnectionManager.java:376)
	at org.apache.http.impl.execchain.MainClientExec.establishRoute(MainClientExec.java:393)
	at org.apache.http.impl.execchain.MainClientExec.execute(MainClientExec.java:236)
	at org.apache.http.impl.execchain.ProtocolExec.execute(ProtocolExec.java:186)
	at org.apache.http.impl.execchain.RetryExec.execute(RetryExec.java:89)
	at org.apache.http.impl.execchain.RedirectExec.execute(RedirectExec.java:110)
	at org.apache.http.impl.client.InternalHttpClient.doExecute(InternalHttpClient.java:185)
	at org.apache.http.impl.client.CloseableHttpClient.execute(CloseableHttpClient.java:83)
	at org.eclipse.ecf.provider.filetransfer.httpclient45.HttpClientRetrieveFileTransfer.performConnect(HttpClientRetrieveFileTransfer.java:1003)
	at org.eclipse.ecf.provider.filetransfer.httpclient45.HttpClientRetrieveFileTransfer.access$0(HttpClientRetrieveFileTransfer.java:995)
	at org.eclipse.ecf.provider.filetransfer.httpclient45.HttpClientRetrieveFileTransfer$1.performFileTransfer(HttpClientRetrieveFileTransfer.java:991)
	at org.eclipse.ecf.filetransfer.FileTransferJob.run(FileTransferJob.java:76)
	at org.eclipse.core.internal.jobs.Worker.run(Worker.java:63)
Caused by: java.net.ConnectException: Connection refused: connect
	at java.base/java.net.PlainSocketImpl.waitForConnect(Native Method)
	at java.base/java.net.PlainSocketImpl.socketConnect(PlainSocketImpl.java:107)
	at java.base/java.net.AbstractPlainSocketImpl.doConnect(AbstractPlainSocketImpl.java:412)
	at java.base/java.net.AbstractPlainSocketImpl.connectToAddress(AbstractPlainSocketImpl.java:255)
	at java.base/java.net.AbstractPlainSocketImpl.connect(AbstractPlainSocketImpl.java:237)
	at java.base/java.net.SocksSocketImpl.connect(SocksSocketImpl.java:392)
	at java.base/java.net.Socket.connect(Socket.java:608)
	at org.apache.http.conn.socket.PlainConnectionSocketFactory.connectSocket(PlainConnectionSocketFactory.java:75)
	at org.apache.http.impl.conn.DefaultHttpClientConnectionOperator.connect(DefaultHttpClientConnectionOperator.java:142)
	... 13 more

!ENTRY org.eclipse.m2e.logback.appender 2 0 2023-11-11 02:22:37.163
!MESSAGE Using platform encoding (UTF-8 actually) to copy filtered resources, i.e. build is platform dependent!

!ENTRY org.eclipse.m2e.logback.appender 2 0 2023-11-11 02:22:37.168
!MESSAGE Using platform encoding (UTF-8 actually) to copy filtered resources, i.e. build is platform dependent!

!ENTRY org.eclipse.m2e.logback.appender 2 0 2023-11-11 02:22:40.004
!MESSAGE Using platform encoding (UTF-8 actually) to copy filtered resources, i.e. build is platform dependent!

!ENTRY org.eclipse.m2e.logback.appender 2 0 2023-11-11 02:22:40.040
!MESSAGE Using platform encoding (UTF-8 actually) to copy filtered resources, i.e. build is platform dependent!

!ENTRY org.eclipse.m2e.logback.appender 2 0 2023-11-11 02:23:34.075
!MESSAGE Using platform encoding (UTF-8 actually) to copy filtered resources, i.e. build is platform dependent!

!ENTRY org.eclipse.m2e.logback.appender 2 0 2023-11-11 02:23:34.112
!MESSAGE Using platform encoding (UTF-8 actually) to copy filtered resources, i.e. build is platform dependent!

!ENTRY org.eclipse.m2e.logback.appender 2 0 2023-11-11 02:42:18.166
!MESSAGE Using platform encoding (UTF-8 actually) to copy filtered resources, i.e. build is platform dependent!

!ENTRY org.eclipse.m2e.logback.appender 2 0 2023-11-11 02:42:18.174
!MESSAGE Using platform encoding (UTF-8 actually) to copy filtered resources, i.e. build is platform dependent!

!ENTRY org.eclipse.jst.server.tomcat.core 4 0 2023-11-11 02:43:11.237
!MESSAGE Port 8005 required by Tomcat v9.0 Server at localhost (2) is already in use. The server may already be running in another process, or a system process may be using the port. To start this server you will need to stop the other process or change the port number(s).
!SESSION 2023-11-13 15:24:07.665 -----------------------------------------------
eclipse.buildId=3.9.18.202109140905-RELEASE-e421
java.version=11.0.19
java.vendor=Oracle Corporation
BootLoader constants: OS=win32, ARCH=x86_64, WS=win32, NL=ko_KR
Framework arguments:  -product org.springsource.sts.ide
Command-line arguments:  -os win32 -ws win32 -arch x86_64 -product org.springsource.sts.ide

!ENTRY org.eclipse.jface 2 0 2023-11-13 15:24:19.488
!MESSAGE Keybinding conflicts occurred.  They may interfere with normal accelerator operation.
!SUBENTRY 1 org.eclipse.jface 2 0 2023-11-13 15:24:19.488
!MESSAGE A conflict occurred for CTRL+SHIFT+T:
Binding(CTRL+SHIFT+T,
	ParameterizedCommand(Command(org.eclipse.jdt.ui.navigate.open.type,Open Type,
		Open a type in a Java editor,
		Category(org.eclipse.ui.category.navigate,Navigate,null,true),
		org.eclipse.ui.internal.WorkbenchHandlerServiceHandler@700b035b,
		,,true),null),
	org.eclipse.ui.defaultAcceleratorConfiguration,
	org.eclipse.ui.contexts.window,,,system)
Binding(CTRL+SHIFT+T,
	ParameterizedCommand(Command(org.eclipse.lsp4e.symbolinworkspace,Go to Symbol in Workspace,
		,
		Category(org.eclipse.lsp4e.category,Language Servers,null,true),
		org.eclipse.ui.internal.WorkbenchHandlerServiceHandler@786de0a3,
		,,true),null),
	org.eclipse.ui.defaultAcceleratorConfiguration,
	org.eclipse.ui.contexts.window,,,system)

!ENTRY org.eclipse.ui 2 2 2023-11-13 15:24:19.878
!MESSAGE org.eclipse.jdt.junit.ResultView: Deprecated relationship "fast" should be converted to "stack".

!ENTRY org.eclipse.ui 2 2 2023-11-13 15:24:19.878
!MESSAGE org.springframework.ide.eclipse.aop.ui.navigator.aopReferenceModelNavigator: Deprecated relationship "fast" should be converted to "stack".

!ENTRY org.eclipse.ui 2 2 2023-11-13 15:24:19.878
!MESSAGE org.eclipse.contribution.xref.ui.views.XReferenceView: Deprecated relationship "fast" should be converted to "stack".

!ENTRY org.eclipse.egit.ui 2 0 2023-11-13 15:24:21.972
!MESSAGE Warning: The environment variable HOME is not set. The following directory will be used to store the Git
user global configuration and to define the default location to store repositories: 'C:\Users\EZENIC-164'. If this is
not correct please set the HOME environment variable and restart Eclipse. Otherwise Git for Windows and
EGit might behave differently since they see different configuration options.
This warning can be switched off on the Team > Git > Confirmations and Warnings preference page.

!ENTRY com.vwmare.vfabric.ide.eclipse.tcserver.core 4 0 2023-11-13 15:24:23.456
!MESSAGE Error creating server instance with command:
 "D:\_spring_workspace\sts-bundle\pivotal-tc-server\developer-4.1.0.RELEASE\tcserver.bat create base-instance -t base --force -v 9.0.33.A.RELEASE". Check access permission for the directory D:/_spring_workspace/sts-bundle/pivotal-tc-server/developer-4.1.0.RELEASE and its files and subdirectories.
!SUBENTRY 1 com.vwmare.vfabric.ide.eclipse.tcserver.core 4 0 2023-11-13 15:24:23.456
!MESSAGE The instance creation command failed and returned code 1
!SUBENTRY 1 com.vwmare.vfabric.ide.eclipse.tcserver.core 4 0 2023-11-13 15:24:23.456
!MESSAGE Output of the instance creation command:
'create' command failed. An unexpected error occurred while attempting to validate tc Runtime Version 9.0.33.A.RELEASE: repo.pivotal.io


!ENTRY org.eclipse.m2e.logback.appender 2 0 2023-11-13 15:26:03.025
!MESSAGE The artifact mysql:mysql-connector-java:jar:8.0.32 has been relocated to com.mysql:mysql-connector-j:jar:8.0.32

!ENTRY org.eclipse.m2e.logback.appender 2 0 2023-11-13 15:26:03.261
!MESSAGE The artifact mysql:mysql-connector-java:jar:8.0.32 has been relocated to com.mysql:mysql-connector-j:jar:8.0.32

!ENTRY org.eclipse.m2e.logback.appender 2 0 2023-11-13 15:26:04.327
!MESSAGE Using platform encoding (MS949 actually) to copy filtered resources, i.e. build is platform dependent!

!ENTRY org.eclipse.m2e.logback.appender 2 0 2023-11-13 15:26:04.339
!MESSAGE Using platform encoding (MS949 actually) to copy filtered resources, i.e. build is platform dependent!

!ENTRY org.eclipse.m2e.logback.appender 2 0 2023-11-13 15:26:04.820
!MESSAGE The artifact mysql:mysql-connector-java:jar:8.0.32 has been relocated to com.mysql:mysql-connector-j:jar:8.0.32

!ENTRY org.eclipse.m2e.logback.appender 2 0 2023-11-13 15:26:04.841
!MESSAGE Using platform encoding (MS949 actually) to copy filtered resources, i.e. build is platform dependent!

!ENTRY org.eclipse.m2e.logback.appender 2 0 2023-11-13 15:26:04.844
!MESSAGE Using platform encoding (MS949 actually) to copy filtered resources, i.e. build is platform dependent!

!ENTRY org.eclipse.m2e.logback.appender 2 0 2023-11-13 15:26:04.910
!MESSAGE Using platform encoding (MS949 actually) to copy filtered resources, i.e. build is platform dependent!

!ENTRY org.eclipse.m2e.logback.appender 2 0 2023-11-13 15:26:04.913
!MESSAGE Using platform encoding (MS949 actually) to copy filtered resources, i.e. build is platform dependent!

!ENTRY org.eclipse.m2e.logback.appender 2 0 2023-11-13 15:26:04.986
!MESSAGE Using platform encoding (MS949 actually) to copy filtered resources, i.e. build is platform dependent!

!ENTRY org.eclipse.m2e.logback.appender 2 0 2023-11-13 15:26:04.989
!MESSAGE Using platform encoding (MS949 actually) to copy filtered resources, i.e. build is platform dependent!

!ENTRY org.eclipse.m2e.logback.appender 2 0 2023-11-13 15:26:05.053
!MESSAGE Using platform encoding (MS949 actually) to copy filtered resources, i.e. build is platform dependent!

!ENTRY org.eclipse.m2e.logback.appender 2 0 2023-11-13 15:26:05.055
!MESSAGE Using platform encoding (MS949 actually) to copy filtered resources, i.e. build is platform dependent!

!ENTRY org.eclipse.m2e.logback.appender 2 0 2023-11-13 15:26:05.127
!MESSAGE Using platform encoding (MS949 actually) to copy filtered resources, i.e. build is platform dependent!

!ENTRY org.eclipse.m2e.logback.appender 2 0 2023-11-13 15:26:05.130
!MESSAGE Using platform encoding (MS949 actually) to copy filtered resources, i.e. build is platform dependent!

!ENTRY org.eclipse.m2e.logback.appender 2 0 2023-11-13 15:26:05.186
!MESSAGE Using platform encoding (MS949 actually) to copy filtered resources, i.e. build is platform dependent!

!ENTRY org.eclipse.m2e.logback.appender 2 0 2023-11-13 15:26:05.189
!MESSAGE Using platform encoding (MS949 actually) to copy filtered resources, i.e. build is platform dependent!

!ENTRY org.eclipse.m2e.logback.appender 2 0 2023-11-13 15:26:05.253
!MESSAGE Using platform encoding (MS949 actually) to copy filtered resources, i.e. build is platform dependent!

!ENTRY org.eclipse.m2e.logback.appender 2 0 2023-11-13 15:26:05.256
!MESSAGE Using platform encoding (MS949 actually) to copy filtered resources, i.e. build is platform dependent!

!ENTRY org.eclipse.m2e.logback.appender 2 0 2023-11-13 15:26:08.260
!MESSAGE The artifact mysql:mysql-connector-java:jar:8.0.32 has been relocated to com.mysql:mysql-connector-j:jar:8.0.32

!ENTRY org.eclipse.m2e.logback.appender 2 0 2023-11-13 15:26:08.532
!MESSAGE The artifact mysql:mysql-connector-java:jar:8.0.32 has been relocated to com.mysql:mysql-connector-j:jar:8.0.32

!ENTRY org.eclipse.m2e.logback.appender 2 0 2023-11-13 15:26:21.908
!MESSAGE The artifact mysql:mysql-connector-java:jar:8.0.32 has been relocated to com.mysql:mysql-connector-j:jar:8.0.32

!ENTRY org.eclipse.m2e.logback.appender 2 0 2023-11-13 15:26:21.965
!MESSAGE Using platform encoding (MS949 actually) to copy filtered resources, i.e. build is platform dependent!

!ENTRY org.eclipse.m2e.logback.appender 2 0 2023-11-13 15:26:21.968
!MESSAGE Using platform encoding (MS949 actually) to copy filtered resources, i.e. build is platform dependent!

!ENTRY org.eclipse.equinox.p2.transport.ecf 2 0 2023-11-13 15:26:43.691
!MESSAGE Connection to http://public.dhe.ibm.com/ibmdl/export/pub/software/websphere/wasdev/updates/libertyAdapter/2020-09/site.xml failed on Connect to public.dhe.ibm.com:80 [public.dhe.ibm.com/170.225.126.18] failed: Connection refused: connect. Retry attempt 0 started
!STACK 0
org.apache.http.conn.HttpHostConnectException: Connect to public.dhe.ibm.com:80 [public.dhe.ibm.com/170.225.126.18] failed: Connection refused: connect
	at org.apache.http.impl.conn.DefaultHttpClientConnectionOperator.connect(DefaultHttpClientConnectionOperator.java:156)
	at org.apache.http.impl.conn.PoolingHttpClientConnectionManager.connect(PoolingHttpClientConnectionManager.java:376)
	at org.apache.http.impl.execchain.MainClientExec.establishRoute(MainClientExec.java:393)
	at org.apache.http.impl.execchain.MainClientExec.execute(MainClientExec.java:236)
	at org.apache.http.impl.execchain.ProtocolExec.execute(ProtocolExec.java:186)
	at org.apache.http.impl.execchain.RetryExec.execute(RetryExec.java:89)
	at org.apache.http.impl.execchain.RedirectExec.execute(RedirectExec.java:110)
	at org.apache.http.impl.client.InternalHttpClient.doExecute(InternalHttpClient.java:185)
	at org.apache.http.impl.client.CloseableHttpClient.execute(CloseableHttpClient.java:83)
	at org.eclipse.ecf.provider.filetransfer.httpclient45.HttpClientRetrieveFileTransfer.performConnect(HttpClientRetrieveFileTransfer.java:1003)
	at org.eclipse.ecf.provider.filetransfer.httpclient45.HttpClientRetrieveFileTransfer.access$0(HttpClientRetrieveFileTransfer.java:995)
	at org.eclipse.ecf.provider.filetransfer.httpclient45.HttpClientRetrieveFileTransfer$1.performFileTransfer(HttpClientRetrieveFileTransfer.java:991)
	at org.eclipse.ecf.filetransfer.FileTransferJob.run(FileTransferJob.java:76)
	at org.eclipse.core.internal.jobs.Worker.run(Worker.java:63)
Caused by: java.net.ConnectException: Connection refused: connect
	at java.base/java.net.PlainSocketImpl.waitForConnect(Native Method)
	at java.base/java.net.PlainSocketImpl.socketConnect(PlainSocketImpl.java:107)
	at java.base/java.net.AbstractPlainSocketImpl.doConnect(AbstractPlainSocketImpl.java:412)
	at java.base/java.net.AbstractPlainSocketImpl.connectToAddress(AbstractPlainSocketImpl.java:255)
	at java.base/java.net.AbstractPlainSocketImpl.connect(AbstractPlainSocketImpl.java:237)
	at java.base/java.net.SocksSocketImpl.connect(SocksSocketImpl.java:392)
	at java.base/java.net.Socket.connect(Socket.java:608)
	at org.apache.http.conn.socket.PlainConnectionSocketFactory.connectSocket(PlainConnectionSocketFactory.java:75)
	at org.apache.http.impl.conn.DefaultHttpClientConnectionOperator.connect(DefaultHttpClientConnectionOperator.java:142)
	... 13 more

!ENTRY org.eclipse.equinox.p2.transport.ecf 2 0 2023-11-13 15:26:49.621
!MESSAGE Connection to http://public.dhe.ibm.com/ibmdl/export/pub/software/websphere/wasdev/updates/libertyAdapter/2020-09/p2.index failed on Connect to public.dhe.ibm.com:80 [public.dhe.ibm.com/170.225.126.18] failed: Connection refused: connect. Retry attempt 0 started
!STACK 0
org.apache.http.conn.HttpHostConnectException: Connect to public.dhe.ibm.com:80 [public.dhe.ibm.com/170.225.126.18] failed: Connection refused: connect
	at org.apache.http.impl.conn.DefaultHttpClientConnectionOperator.connect(DefaultHttpClientConnectionOperator.java:156)
	at org.apache.http.impl.conn.PoolingHttpClientConnectionManager.connect(PoolingHttpClientConnectionManager.java:376)
	at org.apache.http.impl.execchain.MainClientExec.establishRoute(MainClientExec.java:393)
	at org.apache.http.impl.execchain.MainClientExec.execute(MainClientExec.java:236)
	at org.apache.http.impl.execchain.ProtocolExec.execute(ProtocolExec.java:186)
	at org.apache.http.impl.execchain.RetryExec.execute(RetryExec.java:89)
	at org.apache.http.impl.execchain.RedirectExec.execute(RedirectExec.java:110)
	at org.apache.http.impl.client.InternalHttpClient.doExecute(InternalHttpClient.java:185)
	at org.apache.http.impl.client.CloseableHttpClient.execute(CloseableHttpClient.java:83)
	at org.eclipse.ecf.provider.filetransfer.httpclient45.HttpClientRetrieveFileTransfer.performConnect(HttpClientRetrieveFileTransfer.java:1003)
	at org.eclipse.ecf.provider.filetransfer.httpclient45.HttpClientRetrieveFileTransfer.access$0(HttpClientRetrieveFileTransfer.java:995)
	at org.eclipse.ecf.provider.filetransfer.httpclient45.HttpClientRetrieveFileTransfer$1.performFileTransfer(HttpClientRetrieveFileTransfer.java:991)
	at org.eclipse.ecf.filetransfer.FileTransferJob.run(FileTransferJob.java:76)
	at org.eclipse.core.internal.jobs.Worker.run(Worker.java:63)
Caused by: java.net.ConnectException: Connection refused: connect
	at java.base/java.net.PlainSocketImpl.waitForConnect(Native Method)
	at java.base/java.net.PlainSocketImpl.socketConnect(PlainSocketImpl.java:107)
	at java.base/java.net.AbstractPlainSocketImpl.doConnect(AbstractPlainSocketImpl.java:412)
	at java.base/java.net.AbstractPlainSocketImpl.connectToAddress(AbstractPlainSocketImpl.java:255)
	at java.base/java.net.AbstractPlainSocketImpl.connect(AbstractPlainSocketImpl.java:237)
	at java.base/java.net.SocksSocketImpl.connect(SocksSocketImpl.java:392)
	at java.base/java.net.Socket.connect(Socket.java:608)
	at org.apache.http.conn.socket.PlainConnectionSocketFactory.connectSocket(PlainConnectionSocketFactory.java:75)
	at org.apache.http.impl.conn.DefaultHttpClientConnectionOperator.connect(DefaultHttpClientConnectionOperator.java:142)
	... 13 more

!ENTRY org.eclipse.m2e.logback.appender 2 0 2023-11-13 15:29:38.282
!MESSAGE Using platform encoding (MS949 actually) to copy filtered resources, i.e. build is platform dependent!

!ENTRY org.eclipse.m2e.logback.appender 2 0 2023-11-13 15:29:38.283
!MESSAGE Using platform encoding (MS949 actually) to copy filtered resources, i.e. build is platform dependent!

!ENTRY org.eclipse.m2e.logback.appender 2 0 2023-11-13 15:29:39.432
!MESSAGE Using platform encoding (MS949 actually) to copy filtered resources, i.e. build is platform dependent!

!ENTRY org.eclipse.m2e.logback.appender 2 0 2023-11-13 15:29:39.433
!MESSAGE Using platform encoding (MS949 actually) to copy filtered resources, i.e. build is platform dependent!

!ENTRY org.eclipse.m2e.logback.appender 2 0 2023-11-13 15:30:15.888
!MESSAGE Using platform encoding (MS949 actually) to copy filtered resources, i.e. build is platform dependent!

!ENTRY org.eclipse.m2e.logback.appender 2 0 2023-11-13 15:30:15.902
!MESSAGE Using platform encoding (MS949 actually) to copy filtered resources, i.e. build is platform dependent!

!ENTRY org.eclipse.m2e.logback.appender 2 0 2023-11-13 15:30:43.993
!MESSAGE Using platform encoding (MS949 actually) to copy filtered resources, i.e. build is platform dependent!

!ENTRY org.eclipse.m2e.logback.appender 2 0 2023-11-13 15:30:43.999
!MESSAGE Using platform encoding (MS949 actually) to copy filtered resources, i.e. build is platform dependent!

!ENTRY org.eclipse.m2e.logback.appender 2 0 2023-11-13 15:31:07.391
!MESSAGE Using platform encoding (MS949 actually) to copy filtered resources, i.e. build is platform dependent!

!ENTRY org.eclipse.m2e.logback.appender 2 0 2023-11-13 15:31:07.398
!MESSAGE Using platform encoding (MS949 actually) to copy filtered resources, i.e. build is platform dependent!

!ENTRY org.eclipse.m2e.logback.appender 2 0 2023-11-13 15:31:31.977
!MESSAGE Using platform encoding (MS949 actually) to copy filtered resources, i.e. build is platform dependent!

!ENTRY org.eclipse.m2e.logback.appender 2 0 2023-11-13 15:31:31.978
!MESSAGE Using platform encoding (MS949 actually) to copy filtered resources, i.e. build is platform dependent!

!ENTRY org.eclipse.m2e.logback.appender 2 0 2023-11-13 15:32:38.125
!MESSAGE Using platform encoding (MS949 actually) to copy filtered resources, i.e. build is platform dependent!

!ENTRY org.eclipse.m2e.logback.appender 2 0 2023-11-13 15:32:38.129
!MESSAGE Using platform encoding (MS949 actually) to copy filtered resources, i.e. build is platform dependent!

!ENTRY org.eclipse.m2e.logback.appender 2 0 2023-11-13 15:32:45.515
!MESSAGE Using platform encoding (MS949 actually) to copy filtered resources, i.e. build is platform dependent!

!ENTRY org.eclipse.m2e.logback.appender 2 0 2023-11-13 15:32:45.515
!MESSAGE Using platform encoding (MS949 actually) to copy filtered resources, i.e. build is platform dependent!

!ENTRY org.eclipse.m2e.logback.appender 2 0 2023-11-13 15:37:30.208
!MESSAGE Using platform encoding (MS949 actually) to copy filtered resources, i.e. build is platform dependent!

!ENTRY org.eclipse.m2e.logback.appender 2 0 2023-11-13 15:37:30.210
!MESSAGE Using platform encoding (MS949 actually) to copy filtered resources, i.e. build is platform dependent!

!ENTRY org.eclipse.m2e.logback.appender 2 0 2023-11-13 15:37:31.228
!MESSAGE Using platform encoding (MS949 actually) to copy filtered resources, i.e. build is platform dependent!

!ENTRY org.eclipse.m2e.logback.appender 2 0 2023-11-13 15:37:31.229
!MESSAGE Using platform encoding (MS949 actually) to copy filtered resources, i.e. build is platform dependent!

!ENTRY org.eclipse.m2e.logback.appender 2 0 2023-11-13 15:38:02.983
!MESSAGE Using platform encoding (MS949 actually) to copy filtered resources, i.e. build is platform dependent!

!ENTRY org.eclipse.m2e.logback.appender 2 0 2023-11-13 15:38:02.984
!MESSAGE Using platform encoding (MS949 actually) to copy filtered resources, i.e. build is platform dependent!

!ENTRY org.eclipse.m2e.logback.appender 2 0 2023-11-13 15:38:11.246
!MESSAGE Using platform encoding (MS949 actually) to copy filtered resources, i.e. build is platform dependent!

!ENTRY org.eclipse.m2e.logback.appender 2 0 2023-11-13 15:38:11.247
!MESSAGE Using platform encoding (MS949 actually) to copy filtered resources, i.e. build is platform dependent!

!ENTRY org.eclipse.m2e.logback.appender 2 0 2023-11-13 15:38:22.040
!MESSAGE Using platform encoding (MS949 actually) to copy filtered resources, i.e. build is platform dependent!

!ENTRY org.eclipse.m2e.logback.appender 2 0 2023-11-13 15:38:22.041
!MESSAGE Using platform encoding (MS949 actually) to copy filtered resources, i.e. build is platform dependent!

!ENTRY org.eclipse.m2e.logback.appender 2 0 2023-11-13 15:38:53.606
!MESSAGE Using platform encoding (MS949 actually) to copy filtered resources, i.e. build is platform dependent!

!ENTRY org.eclipse.m2e.logback.appender 2 0 2023-11-13 15:38:53.607
!MESSAGE Using platform encoding (MS949 actually) to copy filtered resources, i.e. build is platform dependent!

!ENTRY org.eclipse.m2e.logback.appender 2 0 2023-11-13 15:39:22.156
!MESSAGE Using platform encoding (MS949 actually) to copy filtered resources, i.e. build is platform dependent!

!ENTRY org.eclipse.m2e.logback.appender 2 0 2023-11-13 15:39:22.158
!MESSAGE Using platform encoding (MS949 actually) to copy filtered resources, i.e. build is platform dependent!

!ENTRY org.eclipse.m2e.logback.appender 2 0 2023-11-13 15:40:21.208
!MESSAGE Using platform encoding (MS949 actually) to copy filtered resources, i.e. build is platform dependent!

!ENTRY org.eclipse.m2e.logback.appender 2 0 2023-11-13 15:40:21.209
!MESSAGE Using platform encoding (MS949 actually) to copy filtered resources, i.e. build is platform dependent!

!ENTRY org.eclipse.m2e.logback.appender 2 0 2023-11-13 15:41:05.263
!MESSAGE Using platform encoding (MS949 actually) to copy filtered resources, i.e. build is platform dependent!

!ENTRY org.eclipse.m2e.logback.appender 2 0 2023-11-13 15:41:05.264
!MESSAGE Using platform encoding (MS949 actually) to copy filtered resources, i.e. build is platform dependent!

!ENTRY org.eclipse.m2e.logback.appender 2 0 2023-11-13 15:41:26.659
!MESSAGE Using platform encoding (MS949 actually) to copy filtered resources, i.e. build is platform dependent!

!ENTRY org.eclipse.m2e.logback.appender 2 0 2023-11-13 15:41:26.664
!MESSAGE Using platform encoding (MS949 actually) to copy filtered resources, i.e. build is platform dependent!

!ENTRY org.eclipse.m2e.logback.appender 2 0 2023-11-13 15:41:26.693
!MESSAGE Using platform encoding (MS949 actually) to copy filtered resources, i.e. build is platform dependent!

!ENTRY org.eclipse.m2e.logback.appender 2 0 2023-11-13 15:42:06.135
!MESSAGE Using platform encoding (MS949 actually) to copy filtered resources, i.e. build is platform dependent!

!ENTRY org.eclipse.m2e.logback.appender 2 0 2023-11-13 15:42:06.136
!MESSAGE Using platform encoding (MS949 actually) to copy filtered resources, i.e. build is platform dependent!

!ENTRY org.eclipse.m2e.logback.appender 2 0 2023-11-13 15:42:08.392
!MESSAGE Using platform encoding (MS949 actually) to copy filtered resources, i.e. build is platform dependent!

!ENTRY org.eclipse.m2e.logback.appender 2 0 2023-11-13 15:42:08.393
!MESSAGE Using platform encoding (MS949 actually) to copy filtered resources, i.e. build is platform dependent!

!ENTRY org.eclipse.m2e.logback.appender 2 0 2023-11-13 15:42:19.267
!MESSAGE Using platform encoding (MS949 actually) to copy filtered resources, i.e. build is platform dependent!

!ENTRY org.eclipse.m2e.logback.appender 2 0 2023-11-13 15:42:19.268
!MESSAGE Using platform encoding (MS949 actually) to copy filtered resources, i.e. build is platform dependent!

!ENTRY org.eclipse.m2e.logback.appender 2 0 2023-11-13 15:42:33.339
!MESSAGE Using platform encoding (MS949 actually) to copy filtered resources, i.e. build is platform dependent!

!ENTRY org.eclipse.m2e.logback.appender 2 0 2023-11-13 15:42:33.340
!MESSAGE Using platform encoding (MS949 actually) to copy filtered resources, i.e. build is platform dependent!

!ENTRY org.eclipse.m2e.logback.appender 2 0 2023-11-13 15:42:43.247
!MESSAGE Using platform encoding (MS949 actually) to copy filtered resources, i.e. build is platform dependent!

!ENTRY org.eclipse.m2e.logback.appender 2 0 2023-11-13 15:42:43.248
!MESSAGE Using platform encoding (MS949 actually) to copy filtered resources, i.e. build is platform dependent!

!ENTRY org.eclipse.m2e.logback.appender 2 0 2023-11-13 15:42:46.321
!MESSAGE Using platform encoding (MS949 actually) to copy filtered resources, i.e. build is platform dependent!

!ENTRY org.eclipse.m2e.logback.appender 2 0 2023-11-13 15:42:46.322
!MESSAGE Using platform encoding (MS949 actually) to copy filtered resources, i.e. build is platform dependent!
